<?xml version="1.0" encoding="UTF-8"?>
<!-- Generated by org.testng.reporters.JUnitReportReporter -->
<testsuite hostname="KIRANKUMAR" failures="0" tests="1" name="com.OrangeHRM.CreateUser" time="10.100" errors="0" timestamp="2022-05-27T14:26:25 IST" skipped="0">
  <testcase classname="com.OrangeHRM.CreateUser" name="addUser" time="10.100"/>
  <system-out/>
</testsuite> <!-- com.OrangeHRM.CreateUser -->
