<?xml version="1.0" encoding="UTF-8"?>
<!-- Generated by org.testng.reporters.JUnitReportReporter -->
<testsuite hostname="KIRANKUMAR" failures="0" tests="1" name="com.Base.BaseClassTest" time="0.011" errors="0" timestamp="2022-05-26T16:04:46 IST" skipped="0">
  <testcase classname="com.Base.BaseClassTest" name="adduser" time="0.011"/>
  <system-out/>
</testsuite> <!-- com.Base.BaseClassTest -->
